<?xml version="1.0" encoding="UTF-8" ?>
<testsuite errors="0" failures="0" hostname="Alexs-MacBook-Pro.local" name="com.alexosei.thinkdast.MyLinkedListTest" skipped="0" tests="20" time="0.633" timestamp="2017-08-29T20:07:35">
  <properties>
    <property name="java.vendor" value="Oracle Corporation" />
    <property name="sun.java.launcher" value="SUN_STANDARD" />
    <property name="env.XPC_SERVICE_NAME" value="0" />
    <property name="sun.management.compiler" value="HotSpot 64-Bit Tiered Compilers" />
    <property name="env.SECURITYSESSIONID" value="186a6" />
    <property name="os.name" value="Mac OS X" />
    <property name="sun.boot.class.path" value="/Library/Java/JavaVirtualMachines/jdk1.8.0_101.jdk/Contents/Home/jre/lib/resources.jar:/Library/Java/JavaVirtualMachines/jdk1.8.0_101.jdk/Contents/Home/jre/lib/rt.jar:/Library/Java/JavaVirtualMachines/jdk1.8.0_101.jdk/Contents/Home/jre/lib/sunrsasign.jar:/Library/Java/JavaVirtualMachines/jdk1.8.0_101.jdk/Contents/Home/jre/lib/jsse.jar:/Library/Java/JavaVirtualMachines/jdk1.8.0_101.jdk/Contents/Home/jre/lib/jce.jar:/Library/Java/JavaVirtualMachines/jdk1.8.0_101.jdk/Contents/Home/jre/lib/charsets.jar:/Library/Java/JavaVirtualMachines/jdk1.8.0_101.jdk/Contents/Home/jre/lib/jfr.jar:/Library/Java/JavaVirtualMachines/jdk1.8.0_101.jdk/Contents/Home/jre/classes" />
    <property name="env.TMPDIR" value="/var/folders/n7/2f27ktqx4b16htrmyybct6sc0000gn/T/" />
    <property name="env.PWD" value="/Users/alexosei/IdeaProjects/dataStructure" />
    <property name="java.vm.specification.vendor" value="Oracle Corporation" />
    <property name="ant.home" value="/Users/alexosei/Downloads/apache-ant-1.10.1" />
    <property name="java.runtime.version" value="1.8.0_101-b13" />
    <property name="env.Apple_PubSub_Socket_Render" value="/private/tmp/com.apple.launchd.LowBUo8MM6/Render" />
    <property name="user.name" value="alexosei" />
    <property name="env.USER" value="alexosei" />
    <property name="env.SHELL" value="/bin/bash" />
    <property name="env.__CF_USER_TEXT_ENCODING" value="0x1F5:0x0:0x0" />
    <property name="env.PATH" value="/usr/local/bin:/usr/bin:/bin:/usr/sbin:/sbin:/Library/Frameworks/Mono.framework/Versions/Current/Commands:/Library/TeX/texbin:/Library/Frameworks/Python.framework/Versions/3.5/bin:/Users/alexosei/Downloads/apache-ant-1.10.1/bin:/usr/local/apache-maven/apache-maven-3.5.0/bin" />
    <property name="user.language" value="en" />
    <property name="sun.boot.library.path" value="/Library/Java/JavaVirtualMachines/jdk1.8.0_101.jdk/Contents/Home/jre/lib" />
    <property name="ant.project.default-target" value="build" />
    <property name="env.XPC_FLAGS" value="0x0" />
    <property name="ant.project.name" value="dataStructure" />
    <property name="env.LC_CTYPE" value="en_US.UTF-8" />
    <property name="java.version" value="1.8.0_101" />
    <property name="user.timezone" value="" />
    <property name="sun.arch.data.model" value="64" />
    <property name="ant.file.dataStructure" value="/Users/alexosei/IdeaProjects/dataStructure/build.xml" />
    <property name="http.nonProxyHosts" value="local|*.local|169.254/16|*.169.254/16" />
    <property name="java.endorsed.dirs" value="/Library/Java/JavaVirtualMachines/jdk1.8.0_101.jdk/Contents/Home/jre/lib/endorsed" />
    <property name="sun.cpu.isalist" value="" />
    <property name="sun.jnu.encoding" value="UTF-8" />
    <property name="file.encoding.pkg" value="sun.io" />
    <property name="env.SHLVL" value="1" />
    <property name="file.separator" value="/" />
    <property name="java.specification.name" value="Java Platform API Specification" />
    <property name="java.class.version" value="52.0" />
    <property name="user.country" value="US" />
    <property name="java.home" value="/Library/Java/JavaVirtualMachines/jdk1.8.0_101.jdk/Contents/Home/jre" />
    <property name="java.vm.info" value="mixed mode" />
    <property name="env.LOGNAME" value="alexosei" />
    <property name="ant.file" value="/Users/alexosei/IdeaProjects/dataStructure/build.xml" />
    <property name="os.version" value="10.11.5" />
    <property name="path.separator" value=":" />
    <property name="java.vm.version" value="25.101-b13" />
    <property name="ant.library.dir" value="/Users/alexosei/Downloads/apache-ant-1.10.1/lib" />
    <property name="junit.output.dir" value="junit" />
    <property name="ant.file.type.dataStructure" value="file" />
    <property name="env.JAVA_HOME" value="/Library/Java/JavaVirtualMachines/jdk1.8.0_101.jdk/Contents/Home" />
    <property name="java.awt.printerjob" value="sun.lwawt.macosx.CPrinterJob" />
    <property name="env.TERM" value="xterm-256color" />
    <property name="sun.io.unicode.encoding" value="UnicodeBig" />
    <property name="awt.toolkit" value="sun.lwawt.macosx.LWCToolkit" />
    <property name="socksNonProxyHosts" value="local|*.local|169.254/16|*.169.254/16" />
    <property name="ftp.nonProxyHosts" value="local|*.local|169.254/16|*.169.254/16" />
    <property name="user.home" value="/Users/alexosei" />
    <property name="target" value="1.7" />
    <property name="java.specification.vendor" value="Oracle Corporation" />
    <property name="java.library.path" value="/Users/alexosei/Library/Java/Extensions:/Library/Java/Extensions:/Network/Library/Java/Extensions:/System/Library/Java/Extensions:/usr/lib/java:." />
    <property name="java.vendor.url" value="http://java.oracle.com/" />
    <property name="java.vm.vendor" value="Oracle Corporation" />
    <property name="gopherProxySet" value="false" />
    <property name="java.runtime.name" value="Java(TM) SE Runtime Environment" />
    <property name="sun.java.command" value="org.apache.tools.ant.taskdefs.optional.junit.JUnitTestRunner com.alexosei.thinkdast.MyLinkedListTest skipNonTests=false filtertrace=true haltOnError=false haltOnFailure=false formatter=org.apache.tools.ant.taskdefs.optional.junit.OutErrSummaryJUnitResultFormatter showoutput=false outputtoformatters=true logfailedtests=true threadid=0 logtestlistenerevents=false formatter=org.apache.tools.ant.taskdefs.optional.junit.XMLJUnitResultFormatter,/Users/alexosei/IdeaProjects/dataStructure/junit/TEST-com.alexosei.thinkdast.MyLinkedListTest.xml crashfile=/Users/alexosei/IdeaProjects/dataStructure/junitvmwatcher2327199307208516258.properties propsfile=/Users/alexosei/IdeaProjects/dataStructure/junit3064021564140020610.properties" />
    <property name="java.class.path" value="/Users/alexosei/IdeaProjects/dataStructure/bin:/Users/alexosei/IdeaProjects/dataStructure/lib/jedis-2.8.0.jar:/Users/alexosei/IdeaProjects/dataStructure/lib/jsoup-1.8.3.jar:/Users/alexosei/IdeaProjects/dataStructure/lib/junit-4.12.jar:/Users/alexosei/IdeaProjects/dataStructure/lib/hamcrest-core-1.3.jar:/Users/alexosei/IdeaProjects/dataStructure/lib/jcommon-1.0.23.jar:/Users/alexosei/IdeaProjects/dataStructure/lib/jfreechart-1.0.19.jar:/Users/alexosei/IdeaProjects/dataStructure/lib/servlet.jar:/Users/alexosei/IdeaProjects/dataStructure/lib/ant-junit.jar:/Users/alexosei/IdeaProjects/dataStructure/lib/commons-math3-3.6.jar:/Users/alexosei/IdeaProjects/dataStructure/lib/hamcrest-library-1.3.jar:/Users/alexosei/Downloads/apache-ant-1.10.1/lib/ant-launcher.jar:/Users/alexosei/Downloads/apache-ant-1.10.1/lib/ant.jar:/Users/alexosei/Downloads/apache-ant-1.10.1/lib/ant-junit.jar:/Users/alexosei/Downloads/apache-ant-1.10.1/lib/ant-junit4.jar" />
    <property name="ant.version" value="Apache Ant(TM) version 1.10.1 compiled on February 2 2017" />
    <property name="java.vm.specification.name" value="Java Virtual Machine Specification" />
    <property name="ant.file.type" value="file" />
    <property name="java.vm.specification.version" value="1.8" />
    <property name="sun.cpu.endian" value="little" />
    <property name="sun.os.patch.level" value="unknown" />
    <property name="env.HOME" value="/Users/alexosei" />
    <property name="debuglevel" value="source,lines,vars" />
    <property name="java.io.tmpdir" value="/var/folders/n7/2f27ktqx4b16htrmyybct6sc0000gn/T/" />
    <property name="java.vendor.url.bug" value="http://bugreport.sun.com/bugreport/" />
    <property name="env.SSH_AUTH_SOCK" value="/private/tmp/com.apple.launchd.lu6HPdnkLY/Listeners" />
    <property name="env.COMMAND_MODE" value="unix2003" />
    <property name="os.arch" value="x86_64" />
    <property name="java.awt.graphicsenv" value="sun.awt.CGraphicsEnvironment" />
    <property name="java.ext.dirs" value="/Users/alexosei/Library/Java/Extensions:/Library/Java/JavaVirtualMachines/jdk1.8.0_101.jdk/Contents/Home/jre/lib/ext:/Library/Java/Extensions:/Network/Library/Java/Extensions:/System/Library/Java/Extensions:/usr/lib/java" />
    <property name="user.dir" value="/Users/alexosei/IdeaProjects/dataStructure" />
    <property name="env.JAVA_MAIN_CLASS_1749" value="org.apache.tools.ant.launch.Launcher" />
    <property name="line.separator" value="&#xa;" />
    <property name="java.vm.name" value="Java HotSpot(TM) 64-Bit Server VM" />
    <property name="basedir" value="/Users/alexosei/IdeaProjects/dataStructure" />
    <property name="ant.java.version" value="1.8" />
    <property name="ant.core.lib" value="/Users/alexosei/Downloads/apache-ant-1.10.1/lib/ant.jar" />
    <property name="source" value="1.7" />
    <property name="file.encoding" value="UTF-8" />
    <property name="java.specification.version" value="1.8" />
    <property name="ant.project.invoked-targets" value="build,MyLinkedListTest" />
  </properties>
  <testcase classname="com.alexosei.thinkdast.MyLinkedListTest" name="testToArray" time="0.028" />
  <testcase classname="com.alexosei.thinkdast.MyLinkedListTest" name="testAddIntT" time="0.0" />
  <testcase classname="com.alexosei.thinkdast.MyLinkedListTest" name="testGet" time="0.0" />
  <testcase classname="com.alexosei.thinkdast.MyLinkedListTest" name="testSet" time="0.001" />
  <testcase classname="com.alexosei.thinkdast.MyLinkedListTest" name="testAddAllCollectionOfQextendsT" time="0.0" />
  <testcase classname="com.alexosei.thinkdast.MyLinkedListTest" name="testClear" time="0.0" />
  <testcase classname="com.alexosei.thinkdast.MyLinkedListTest" name="testAddT" time="0.0" />
  <testcase classname="com.alexosei.thinkdast.MyLinkedListTest" name="testSize" time="0.0" />
  <testcase classname="com.alexosei.thinkdast.MyLinkedListTest" name="testLastIndexOf" time="0.0" />
  <testcase classname="com.alexosei.thinkdast.MyLinkedListTest" name="testContainsAll" time="0.0" />
  <testcase classname="com.alexosei.thinkdast.MyLinkedListTest" name="testRemoveObject" time="0.0" />
  <testcase classname="com.alexosei.thinkdast.MyLinkedListTest" name="testContains" time="0.0" />
  <testcase classname="com.alexosei.thinkdast.MyLinkedListTest" name="testIndexOfNull" time="0.0" />
  <testcase classname="com.alexosei.thinkdast.MyLinkedListTest" name="testIndexOf" time="0.0" />
  <testcase classname="com.alexosei.thinkdast.MyLinkedListTest" name="testMyList" time="0.0" />
  <testcase classname="com.alexosei.thinkdast.MyLinkedListTest" name="testIsEmpty" time="0.001" />
  <testcase classname="com.alexosei.thinkdast.MyLinkedListTest" name="testIterator" time="0.0" />
  <testcase classname="com.alexosei.thinkdast.MyLinkedListTest" name="testRemoveAll" time="0.001" />
  <testcase classname="com.alexosei.thinkdast.MyLinkedListTest" name="testRemoveInt" time="0.0" />
  <testcase classname="com.alexosei.thinkdast.MyLinkedListTest" name="testSubList" time="0.0" />
  <system-out><![CDATA[[1, 5, 2, 3]
]]></system-out>
  <system-err><![CDATA[]]></system-err>
</testsuite>
